CRITICAL - 2024-11-03 20:18:42 --> CodeIgniter\View\Exceptions\ViewException: Invalid file: "templates/header.php"
[Method: GET, Route: /]
in SYSTEMPATH/Exceptions/FrameworkException.php on line 41.
 1 SYSTEMPATH/View/View.php(222): CodeIgniter\Exceptions\FrameworkException::forInvalidFile()
 2 SYSTEMPATH/Common.php(1171): CodeIgniter\View\View->render()
 3 APPPATH/Controllers/MainController.php(15): view()
 4 SYSTEMPATH/CodeIgniter.php(933): App\Controllers\MainController->index()
 5 SYSTEMPATH/CodeIgniter.php(509): CodeIgniter\CodeIgniter->runController()
 6 SYSTEMPATH/CodeIgniter.php(355): CodeIgniter\CodeIgniter->handleRequest()
 7 SYSTEMPATH/Boot.php(325): CodeIgniter\CodeIgniter->run()
 8 SYSTEMPATH/Boot.php(67): CodeIgniter\Boot::runCodeIgniter()
 9 FCPATH/index.php(56): CodeIgniter\Boot::bootWeb()
CRITICAL - 2024-11-03 20:19:17 --> ErrorException: Undefined variable $title
[Method: GET, Route: /]
in APPPATH/Views/templates/headerTemplate.php on line 13.
 1 APPPATH/Views/templates/headerTemplate.php(13): CodeIgniter\Debug\Exceptions->errorHandler()
 2 SYSTEMPATH/View/View.php(234): include('/home/user/proxecto/app/Views/templates/headerTemplate.php')
 3 SYSTEMPATH/View/View.php(237): CodeIgniter\View\View->CodeIgniter\View\{closure}()
 4 SYSTEMPATH/Common.php(1171): CodeIgniter\View\View->render()
 5 APPPATH/Controllers/MainController.php(15): view()
 6 SYSTEMPATH/CodeIgniter.php(933): App\Controllers\MainController->index()
 7 SYSTEMPATH/CodeIgniter.php(509): CodeIgniter\CodeIgniter->runController()
 8 SYSTEMPATH/CodeIgniter.php(355): CodeIgniter\CodeIgniter->handleRequest()
 9 SYSTEMPATH/Boot.php(325): CodeIgniter\CodeIgniter->run()
10 SYSTEMPATH/Boot.php(67): CodeIgniter\Boot::runCodeIgniter()
11 FCPATH/index.php(56): CodeIgniter\Boot::bootWeb()
CRITICAL - 2024-11-03 20:19:42 --> CodeIgniter\View\Exceptions\ViewException: Invalid file: "inicio.php"
[Method: GET, Route: /]
in SYSTEMPATH/Exceptions/FrameworkException.php on line 41.
 1 SYSTEMPATH/View/View.php(222): CodeIgniter\Exceptions\FrameworkException::forInvalidFile()
 2 SYSTEMPATH/Common.php(1171): CodeIgniter\View\View->render()
 3 APPPATH/Controllers/MainController.php(16): view()
 4 SYSTEMPATH/CodeIgniter.php(933): App\Controllers\MainController->index()
 5 SYSTEMPATH/CodeIgniter.php(509): CodeIgniter\CodeIgniter->runController()
 6 SYSTEMPATH/CodeIgniter.php(355): CodeIgniter\CodeIgniter->handleRequest()
 7 SYSTEMPATH/Boot.php(325): CodeIgniter\CodeIgniter->run()
 8 SYSTEMPATH/Boot.php(67): CodeIgniter\Boot::runCodeIgniter()
 9 FCPATH/index.php(56): CodeIgniter\Boot::bootWeb()
