ERROR - 2024-11-09 18:48:01 --> Error connecting to the database: mysqli_sql_exception: Unknown database 'proxecto' in /home/user/proxecto/vendor/codeigniter4/framework/system/Database/MySQLi/Connection.php:186
Stack trace:
#0 /home/user/proxecto/vendor/codeigniter4/framework/system/Database/MySQLi/Connection.php(186): mysqli->real_connect()
#1 /home/user/proxecto/vendor/codeigniter4/framework/system/Database/BaseConnection.php(421): CodeIgniter\Database\MySQLi\Connection->connect()
#2 /home/user/proxecto/vendor/codeigniter4/framework/system/Database/BaseConnection.php(616): CodeIgniter\Database\BaseConnection->initialize()
#3 /home/user/proxecto/vendor/codeigniter4/framework/system/Database/BaseBuilder.php(1644): CodeIgniter\Database\BaseConnection->query()
#4 /home/user/proxecto/vendor/codeigniter4/framework/system/Model.php(286): CodeIgniter\Database\BaseBuilder->get()
#5 /home/user/proxecto/vendor/codeigniter4/framework/system/BaseModel.php(676): CodeIgniter\Model->doFindAll()
#6 /home/user/proxecto/app/Models/UsuariosModel.php(19): CodeIgniter\BaseModel->findAll()
#7 /home/user/proxecto/app/Controllers/UsuariosController.php(22): App\Models\UsuariosModel->getUsuario()
#8 /home/user/proxecto/vendor/codeigniter4/framework/system/CodeIgniter.php(933): App\Controllers\UsuariosController->index()
#9 /home/user/proxecto/vendor/codeigniter4/framework/system/CodeIgniter.php(509): CodeIgniter\CodeIgniter->runController()
#10 /home/user/proxecto/vendor/codeigniter4/framework/system/CodeIgniter.php(355): CodeIgniter\CodeIgniter->handleRequest()
#11 /home/user/proxecto/vendor/codeigniter4/framework/system/Boot.php(325): CodeIgniter\CodeIgniter->run()
#12 /home/user/proxecto/vendor/codeigniter4/framework/system/Boot.php(67): CodeIgniter\Boot::runCodeIgniter()
#13 /home/user/proxecto/public/index.php(56): CodeIgniter\Boot::bootWeb()
#14 {main}

Next CodeIgniter\Database\Exceptions\DatabaseException: Unknown database 'proxecto' in /home/user/proxecto/vendor/codeigniter4/framework/system/Database/MySQLi/Connection.php:231
Stack trace:
#0 /home/user/proxecto/vendor/codeigniter4/framework/system/Database/BaseConnection.php(421): CodeIgniter\Database\MySQLi\Connection->connect()
#1 /home/user/proxecto/vendor/codeigniter4/framework/system/Database/BaseConnection.php(616): CodeIgniter\Database\BaseConnection->initialize()
#2 /home/user/proxecto/vendor/codeigniter4/framework/system/Database/BaseBuilder.php(1644): CodeIgniter\Database\BaseConnection->query()
#3 /home/user/proxecto/vendor/codeigniter4/framework/system/Model.php(286): CodeIgniter\Database\BaseBuilder->get()
#4 /home/user/proxecto/vendor/codeigniter4/framework/system/BaseModel.php(676): CodeIgniter\Model->doFindAll()
#5 /home/user/proxecto/app/Models/UsuariosModel.php(19): CodeIgniter\BaseModel->findAll()
#6 /home/user/proxecto/app/Controllers/UsuariosController.php(22): App\Models\UsuariosModel->getUsuario()
#7 /home/user/proxecto/vendor/codeigniter4/framework/system/CodeIgniter.php(933): App\Controllers\UsuariosController->index()
#8 /home/user/proxecto/vendor/codeigniter4/framework/system/CodeIgniter.php(509): CodeIgniter\CodeIgniter->runController()
#9 /home/user/proxecto/vendor/codeigniter4/framework/system/CodeIgniter.php(355): CodeIgniter\CodeIgniter->handleRequest()
#10 /home/user/proxecto/vendor/codeigniter4/framework/system/Boot.php(325): CodeIgniter\CodeIgniter->run()
#11 /home/user/proxecto/vendor/codeigniter4/framework/system/Boot.php(67): CodeIgniter\Boot::runCodeIgniter()
#12 /home/user/proxecto/public/index.php(56): CodeIgniter\Boot::bootWeb()
#13 {main}
CRITICAL - 2024-11-09 18:48:01 --> CodeIgniter\Database\Exceptions\DatabaseException: Unable to connect to the database.
Main connection [MySQLi]: Unknown database 'proxecto'
[Method: GET, Route: usuarios]
in SYSTEMPATH/Database/BaseConnection.php on line 467.
 1 SYSTEMPATH/Database/BaseConnection.php(616): CodeIgniter\Database\BaseConnection->initialize()
 2 SYSTEMPATH/Database/BaseBuilder.php(1644): CodeIgniter\Database\BaseConnection->query()
 3 SYSTEMPATH/Model.php(286): CodeIgniter\Database\BaseBuilder->get()
 4 SYSTEMPATH/BaseModel.php(676): CodeIgniter\Model->doFindAll()
 5 APPPATH/Models/UsuariosModel.php(19): CodeIgniter\BaseModel->findAll()
 6 APPPATH/Controllers/UsuariosController.php(22): App\Models\UsuariosModel->getUsuario()
 7 SYSTEMPATH/CodeIgniter.php(933): App\Controllers\UsuariosController->index()
 8 SYSTEMPATH/CodeIgniter.php(509): CodeIgniter\CodeIgniter->runController()
 9 SYSTEMPATH/CodeIgniter.php(355): CodeIgniter\CodeIgniter->handleRequest()
10 SYSTEMPATH/Boot.php(325): CodeIgniter\CodeIgniter->run()
11 SYSTEMPATH/Boot.php(67): CodeIgniter\Boot::runCodeIgniter()
12 FCPATH/index.php(56): CodeIgniter\Boot::bootWeb()
ERROR - 2024-11-09 18:49:08 --> mysqli_sql_exception: Table 'proxecto.users' doesn't exist in /home/user/proxecto/vendor/codeigniter4/framework/system/Database/MySQLi/Connection.php:312
Stack trace:
#0 /home/user/proxecto/vendor/codeigniter4/framework/system/Database/MySQLi/Connection.php(312): mysqli->query()
#1 /home/user/proxecto/vendor/codeigniter4/framework/system/Database/BaseConnection.php(734): CodeIgniter\Database\MySQLi\Connection->execute()
#2 /home/user/proxecto/vendor/codeigniter4/framework/system/Database/BaseConnection.php(648): CodeIgniter\Database\BaseConnection->simpleQuery()
#3 /home/user/proxecto/vendor/codeigniter4/framework/system/Database/BaseBuilder.php(1644): CodeIgniter\Database\BaseConnection->query()
#4 /home/user/proxecto/vendor/codeigniter4/framework/system/Model.php(286): CodeIgniter\Database\BaseBuilder->get()
#5 /home/user/proxecto/vendor/codeigniter4/framework/system/BaseModel.php(676): CodeIgniter\Model->doFindAll()
#6 /home/user/proxecto/app/Models/UsuariosModel.php(19): CodeIgniter\BaseModel->findAll()
#7 /home/user/proxecto/app/Controllers/UsuariosController.php(22): App\Models\UsuariosModel->getUsuario()
#8 /home/user/proxecto/vendor/codeigniter4/framework/system/CodeIgniter.php(933): App\Controllers\UsuariosController->index()
#9 /home/user/proxecto/vendor/codeigniter4/framework/system/CodeIgniter.php(509): CodeIgniter\CodeIgniter->runController()
#10 /home/user/proxecto/vendor/codeigniter4/framework/system/CodeIgniter.php(355): CodeIgniter\CodeIgniter->handleRequest()
#11 /home/user/proxecto/vendor/codeigniter4/framework/system/Boot.php(325): CodeIgniter\CodeIgniter->run()
#12 /home/user/proxecto/vendor/codeigniter4/framework/system/Boot.php(67): CodeIgniter\Boot::runCodeIgniter()
#13 /home/user/proxecto/public/index.php(56): CodeIgniter\Boot::bootWeb()
#14 {main}
CRITICAL - 2024-11-09 18:49:08 --> CodeIgniter\Database\Exceptions\DatabaseException: Table 'proxecto.users' doesn't exist
[Method: GET, Route: usuarios]
in SYSTEMPATH/Database/BaseConnection.php on line 688.
 1 SYSTEMPATH/Database/BaseBuilder.php(1644): CodeIgniter\Database\BaseConnection->query()
 2 SYSTEMPATH/Model.php(286): CodeIgniter\Database\BaseBuilder->get()
 3 SYSTEMPATH/BaseModel.php(676): CodeIgniter\Model->doFindAll()
 4 APPPATH/Models/UsuariosModel.php(19): CodeIgniter\BaseModel->findAll()
 5 APPPATH/Controllers/UsuariosController.php(22): App\Models\UsuariosModel->getUsuario()
 6 SYSTEMPATH/CodeIgniter.php(933): App\Controllers\UsuariosController->index()
 7 SYSTEMPATH/CodeIgniter.php(509): CodeIgniter\CodeIgniter->runController()
 8 SYSTEMPATH/CodeIgniter.php(355): CodeIgniter\CodeIgniter->handleRequest()
 9 SYSTEMPATH/Boot.php(325): CodeIgniter\CodeIgniter->run()
10 SYSTEMPATH/Boot.php(67): CodeIgniter\Boot::runCodeIgniter()
11 FCPATH/index.php(56): CodeIgniter\Boot::bootWeb()
CRITICAL - 2024-11-09 18:49:08 --> [Caused by] CodeIgniter\Database\Exceptions\DatabaseException: Table 'proxecto.users' doesn't exist
in SYSTEMPATH/Database/MySQLi/Connection.php on line 317.
 1 SYSTEMPATH/Database/BaseConnection.php(734): CodeIgniter\Database\MySQLi\Connection->execute()
 2 SYSTEMPATH/Database/BaseConnection.php(648): CodeIgniter\Database\BaseConnection->simpleQuery()
 3 SYSTEMPATH/Database/BaseBuilder.php(1644): CodeIgniter\Database\BaseConnection->query()
 4 SYSTEMPATH/Model.php(286): CodeIgniter\Database\BaseBuilder->get()
 5 SYSTEMPATH/BaseModel.php(676): CodeIgniter\Model->doFindAll()
 6 APPPATH/Models/UsuariosModel.php(19): CodeIgniter\BaseModel->findAll()
 7 APPPATH/Controllers/UsuariosController.php(22): App\Models\UsuariosModel->getUsuario()
 8 SYSTEMPATH/CodeIgniter.php(933): App\Controllers\UsuariosController->index()
 9 SYSTEMPATH/CodeIgniter.php(509): CodeIgniter\CodeIgniter->runController()
10 SYSTEMPATH/CodeIgniter.php(355): CodeIgniter\CodeIgniter->handleRequest()
11 SYSTEMPATH/Boot.php(325): CodeIgniter\CodeIgniter->run()
12 SYSTEMPATH/Boot.php(67): CodeIgniter\Boot::runCodeIgniter()
13 FCPATH/index.php(56): CodeIgniter\Boot::bootWeb()
CRITICAL - 2024-11-09 18:49:08 --> [Caused by] mysqli_sql_exception: Table 'proxecto.users' doesn't exist
in SYSTEMPATH/Database/MySQLi/Connection.php on line 312.
 1 SYSTEMPATH/Database/MySQLi/Connection.php(312): mysqli->query()
 2 SYSTEMPATH/Database/BaseConnection.php(734): CodeIgniter\Database\MySQLi\Connection->execute()
 3 SYSTEMPATH/Database/BaseConnection.php(648): CodeIgniter\Database\BaseConnection->simpleQuery()
 4 SYSTEMPATH/Database/BaseBuilder.php(1644): CodeIgniter\Database\BaseConnection->query()
 5 SYSTEMPATH/Model.php(286): CodeIgniter\Database\BaseBuilder->get()
 6 SYSTEMPATH/BaseModel.php(676): CodeIgniter\Model->doFindAll()
 7 APPPATH/Models/UsuariosModel.php(19): CodeIgniter\BaseModel->findAll()
 8 APPPATH/Controllers/UsuariosController.php(22): App\Models\UsuariosModel->getUsuario()
 9 SYSTEMPATH/CodeIgniter.php(933): App\Controllers\UsuariosController->index()
10 SYSTEMPATH/CodeIgniter.php(509): CodeIgniter\CodeIgniter->runController()
11 SYSTEMPATH/CodeIgniter.php(355): CodeIgniter\CodeIgniter->handleRequest()
12 SYSTEMPATH/Boot.php(325): CodeIgniter\CodeIgniter->run()
13 SYSTEMPATH/Boot.php(67): CodeIgniter\Boot::runCodeIgniter()
14 FCPATH/index.php(56): CodeIgniter\Boot::bootWeb()
ERROR - 2024-11-09 18:49:09 --> mysqli_sql_exception: Table 'proxecto.users' doesn't exist in /home/user/proxecto/vendor/codeigniter4/framework/system/Database/MySQLi/Connection.php:312
Stack trace:
#0 /home/user/proxecto/vendor/codeigniter4/framework/system/Database/MySQLi/Connection.php(312): mysqli->query()
#1 /home/user/proxecto/vendor/codeigniter4/framework/system/Database/BaseConnection.php(734): CodeIgniter\Database\MySQLi\Connection->execute()
#2 /home/user/proxecto/vendor/codeigniter4/framework/system/Database/BaseConnection.php(648): CodeIgniter\Database\BaseConnection->simpleQuery()
#3 /home/user/proxecto/vendor/codeigniter4/framework/system/Database/BaseBuilder.php(1644): CodeIgniter\Database\BaseConnection->query()
#4 /home/user/proxecto/vendor/codeigniter4/framework/system/Model.php(286): CodeIgniter\Database\BaseBuilder->get()
#5 /home/user/proxecto/vendor/codeigniter4/framework/system/BaseModel.php(676): CodeIgniter\Model->doFindAll()
#6 /home/user/proxecto/app/Models/UsuariosModel.php(19): CodeIgniter\BaseModel->findAll()
#7 /home/user/proxecto/app/Controllers/UsuariosController.php(22): App\Models\UsuariosModel->getUsuario()
#8 /home/user/proxecto/vendor/codeigniter4/framework/system/CodeIgniter.php(933): App\Controllers\UsuariosController->index()
#9 /home/user/proxecto/vendor/codeigniter4/framework/system/CodeIgniter.php(509): CodeIgniter\CodeIgniter->runController()
#10 /home/user/proxecto/vendor/codeigniter4/framework/system/CodeIgniter.php(355): CodeIgniter\CodeIgniter->handleRequest()
#11 /home/user/proxecto/vendor/codeigniter4/framework/system/Boot.php(325): CodeIgniter\CodeIgniter->run()
#12 /home/user/proxecto/vendor/codeigniter4/framework/system/Boot.php(67): CodeIgniter\Boot::runCodeIgniter()
#13 /home/user/proxecto/public/index.php(56): CodeIgniter\Boot::bootWeb()
#14 {main}
CRITICAL - 2024-11-09 18:49:09 --> CodeIgniter\Database\Exceptions\DatabaseException: Table 'proxecto.users' doesn't exist
[Method: GET, Route: usuarios]
in SYSTEMPATH/Database/BaseConnection.php on line 688.
 1 SYSTEMPATH/Database/BaseBuilder.php(1644): CodeIgniter\Database\BaseConnection->query()
 2 SYSTEMPATH/Model.php(286): CodeIgniter\Database\BaseBuilder->get()
 3 SYSTEMPATH/BaseModel.php(676): CodeIgniter\Model->doFindAll()
 4 APPPATH/Models/UsuariosModel.php(19): CodeIgniter\BaseModel->findAll()
 5 APPPATH/Controllers/UsuariosController.php(22): App\Models\UsuariosModel->getUsuario()
 6 SYSTEMPATH/CodeIgniter.php(933): App\Controllers\UsuariosController->index()
 7 SYSTEMPATH/CodeIgniter.php(509): CodeIgniter\CodeIgniter->runController()
 8 SYSTEMPATH/CodeIgniter.php(355): CodeIgniter\CodeIgniter->handleRequest()
 9 SYSTEMPATH/Boot.php(325): CodeIgniter\CodeIgniter->run()
10 SYSTEMPATH/Boot.php(67): CodeIgniter\Boot::runCodeIgniter()
11 FCPATH/index.php(56): CodeIgniter\Boot::bootWeb()
CRITICAL - 2024-11-09 18:49:09 --> [Caused by] CodeIgniter\Database\Exceptions\DatabaseException: Table 'proxecto.users' doesn't exist
in SYSTEMPATH/Database/MySQLi/Connection.php on line 317.
 1 SYSTEMPATH/Database/BaseConnection.php(734): CodeIgniter\Database\MySQLi\Connection->execute()
 2 SYSTEMPATH/Database/BaseConnection.php(648): CodeIgniter\Database\BaseConnection->simpleQuery()
 3 SYSTEMPATH/Database/BaseBuilder.php(1644): CodeIgniter\Database\BaseConnection->query()
 4 SYSTEMPATH/Model.php(286): CodeIgniter\Database\BaseBuilder->get()
 5 SYSTEMPATH/BaseModel.php(676): CodeIgniter\Model->doFindAll()
 6 APPPATH/Models/UsuariosModel.php(19): CodeIgniter\BaseModel->findAll()
 7 APPPATH/Controllers/UsuariosController.php(22): App\Models\UsuariosModel->getUsuario()
 8 SYSTEMPATH/CodeIgniter.php(933): App\Controllers\UsuariosController->index()
 9 SYSTEMPATH/CodeIgniter.php(509): CodeIgniter\CodeIgniter->runController()
10 SYSTEMPATH/CodeIgniter.php(355): CodeIgniter\CodeIgniter->handleRequest()
11 SYSTEMPATH/Boot.php(325): CodeIgniter\CodeIgniter->run()
12 SYSTEMPATH/Boot.php(67): CodeIgniter\Boot::runCodeIgniter()
13 FCPATH/index.php(56): CodeIgniter\Boot::bootWeb()
CRITICAL - 2024-11-09 18:49:09 --> [Caused by] mysqli_sql_exception: Table 'proxecto.users' doesn't exist
in SYSTEMPATH/Database/MySQLi/Connection.php on line 312.
 1 SYSTEMPATH/Database/MySQLi/Connection.php(312): mysqli->query()
 2 SYSTEMPATH/Database/BaseConnection.php(734): CodeIgniter\Database\MySQLi\Connection->execute()
 3 SYSTEMPATH/Database/BaseConnection.php(648): CodeIgniter\Database\BaseConnection->simpleQuery()
 4 SYSTEMPATH/Database/BaseBuilder.php(1644): CodeIgniter\Database\BaseConnection->query()
 5 SYSTEMPATH/Model.php(286): CodeIgniter\Database\BaseBuilder->get()
 6 SYSTEMPATH/BaseModel.php(676): CodeIgniter\Model->doFindAll()
 7 APPPATH/Models/UsuariosModel.php(19): CodeIgniter\BaseModel->findAll()
 8 APPPATH/Controllers/UsuariosController.php(22): App\Models\UsuariosModel->getUsuario()
 9 SYSTEMPATH/CodeIgniter.php(933): App\Controllers\UsuariosController->index()
10 SYSTEMPATH/CodeIgniter.php(509): CodeIgniter\CodeIgniter->runController()
11 SYSTEMPATH/CodeIgniter.php(355): CodeIgniter\CodeIgniter->handleRequest()
12 SYSTEMPATH/Boot.php(325): CodeIgniter\CodeIgniter->run()
13 SYSTEMPATH/Boot.php(67): CodeIgniter\Boot::runCodeIgniter()
14 FCPATH/index.php(56): CodeIgniter\Boot::bootWeb()
CRITICAL - 2024-11-09 18:49:28 --> CodeIgniter\View\Exceptions\ViewException: Invalid file: "usuarios/index.php"
[Method: GET, Route: usuarios]
in SYSTEMPATH/Exceptions/FrameworkException.php on line 41.
 1 SYSTEMPATH/View/View.php(222): CodeIgniter\Exceptions\FrameworkException::forInvalidFile()
 2 SYSTEMPATH/Common.php(1171): CodeIgniter\View\View->render()
 3 APPPATH/Controllers/UsuariosController.php(27): view()
 4 SYSTEMPATH/CodeIgniter.php(933): App\Controllers\UsuariosController->index()
 5 SYSTEMPATH/CodeIgniter.php(509): CodeIgniter\CodeIgniter->runController()
 6 SYSTEMPATH/CodeIgniter.php(355): CodeIgniter\CodeIgniter->handleRequest()
 7 SYSTEMPATH/Boot.php(325): CodeIgniter\CodeIgniter->run()
 8 SYSTEMPATH/Boot.php(67): CodeIgniter\Boot::runCodeIgniter()
 9 FCPATH/index.php(56): CodeIgniter\Boot::bootWeb()
CRITICAL - 2024-11-09 18:54:15 --> CodeIgniter\View\Exceptions\ViewException: Invalid file: "templates/header.php"
[Method: GET, Route: usuarios/4]
in SYSTEMPATH/Exceptions/FrameworkException.php on line 41.
 1 SYSTEMPATH/View/View.php(222): CodeIgniter\Exceptions\FrameworkException::forInvalidFile()
 2 SYSTEMPATH/Common.php(1171): CodeIgniter\View\View->render()
 3 APPPATH/Controllers/UsuariosController.php(43): view()
 4 SYSTEMPATH/CodeIgniter.php(933): App\Controllers\UsuariosController->mostrar()
 5 SYSTEMPATH/CodeIgniter.php(509): CodeIgniter\CodeIgniter->runController()
 6 SYSTEMPATH/CodeIgniter.php(355): CodeIgniter\CodeIgniter->handleRequest()
 7 SYSTEMPATH/Boot.php(325): CodeIgniter\CodeIgniter->run()
 8 SYSTEMPATH/Boot.php(67): CodeIgniter\Boot::runCodeIgniter()
 9 FCPATH/index.php(56): CodeIgniter\Boot::bootWeb()
CRITICAL - 2024-11-09 18:54:34 --> ErrorException: Undefined variable $titulo
[Method: GET, Route: usuarios/4]
in APPPATH/Views/templates/headerTemplate.php on line 8.
 1 APPPATH/Views/templates/headerTemplate.php(8): CodeIgniter\Debug\Exceptions->errorHandler()
 2 SYSTEMPATH/View/View.php(234): include('/home/user/proxecto/app/Views/templates/headerTemplate.php')
 3 SYSTEMPATH/View/View.php(237): CodeIgniter\View\View->CodeIgniter\View\{closure}()
 4 SYSTEMPATH/Common.php(1171): CodeIgniter\View\View->render()
 5 APPPATH/Controllers/UsuariosController.php(43): view()
 6 SYSTEMPATH/CodeIgniter.php(933): App\Controllers\UsuariosController->mostrar()
 7 SYSTEMPATH/CodeIgniter.php(509): CodeIgniter\CodeIgniter->runController()
 8 SYSTEMPATH/CodeIgniter.php(355): CodeIgniter\CodeIgniter->handleRequest()
 9 SYSTEMPATH/Boot.php(325): CodeIgniter\CodeIgniter->run()
10 SYSTEMPATH/Boot.php(67): CodeIgniter\Boot::runCodeIgniter()
11 FCPATH/index.php(56): CodeIgniter\Boot::bootWeb()
CRITICAL - 2024-11-09 18:54:59 --> CodeIgniter\View\Exceptions\ViewException: Invalid file: "news/view.php"
[Method: GET, Route: usuarios/4]
in SYSTEMPATH/Exceptions/FrameworkException.php on line 41.
 1 SYSTEMPATH/View/View.php(222): CodeIgniter\Exceptions\FrameworkException::forInvalidFile()
 2 SYSTEMPATH/Common.php(1171): CodeIgniter\View\View->render()
 3 APPPATH/Controllers/UsuariosController.php(44): view()
 4 SYSTEMPATH/CodeIgniter.php(933): App\Controllers\UsuariosController->mostrar()
 5 SYSTEMPATH/CodeIgniter.php(509): CodeIgniter\CodeIgniter->runController()
 6 SYSTEMPATH/CodeIgniter.php(355): CodeIgniter\CodeIgniter->handleRequest()
 7 SYSTEMPATH/Boot.php(325): CodeIgniter\CodeIgniter->run()
 8 SYSTEMPATH/Boot.php(67): CodeIgniter\Boot::runCodeIgniter()
 9 FCPATH/index.php(56): CodeIgniter\Boot::bootWeb()
